<?xml version="1.0" encoding="UTF-8"?>
<testng-results skipped="0" failed="0" ignored="0" total="1" passed="1">
  <reporter-output>
  </reporter-output>
  <suite name="Default suite" duration-ms="10137" started-at="2020-04-26T05:40:08Z" finished-at="2020-04-26T05:40:18Z">
    <groups>
    </groups>
    <test name="Default test" duration-ms="10137" started-at="2020-04-26T05:40:08Z" finished-at="2020-04-26T05:40:18Z">
      <class name="com.rest.restassuredapi.Authentication">
        <test-method status="PASS" signature="bearer_Token()[pri:0, instance:com.rest.restassuredapi.Authentication@c038203]" name="bearer_Token" duration-ms="9986" started-at="2020-04-26T05:40:08Z" finished-at="2020-04-26T05:40:18Z">
          <reporter-output>
          </reporter-output>
        </test-method> <!-- bearer_Token -->
      </class> <!-- com.rest.restassuredapi.Authentication -->
    </test> <!-- Default test -->
  </suite> <!-- Default suite -->
</testng-results>
